<?xml version="1.0" encoding="UTF-8"?>
<!-- Generated by org.testng.reporters.JUnitXMLReporter -->
<testsuite ignored="0" hostname="Jarvis" failures="0" tests="3" name="Default test" time="39.241" errors="0" timestamp="2026-01-27T20:12:27 IST">
  <testcase classname="tests.LoginTest" name="invalidLogin" time="1.921"/>
  <testcase classname="tests.LoginTest" name="testFailure" time="2.847"/>
  <testcase classname="tests.LoginTest" name="validLogin" time="1.908"/>
</testsuite> <!-- Default test -->
