<?xml version="1.0" encoding="UTF-8"?>
<testng-results ignored="0" total="3" passed="3" failed="0" skipped="0">
  <reporter-output>
  </reporter-output>
  <suite started-at="2026-01-27T20:11:48 IST" name="Default suite" finished-at="2026-01-27T20:12:27 IST" duration-ms="39241">
    <groups>
    </groups>
    <test started-at="2026-01-27T20:11:48 IST" name="Default test" finished-at="2026-01-27T20:12:27 IST" duration-ms="39241">
      <class name="tests.LoginTest">
        <test-method is-config="true" signature="setup()[pri:0, instance:tests.LoginTest@14cd1699]" started-at="2026-01-27T20:11:48 IST" name="setup" finished-at="2026-01-27T20:11:49 IST" duration-ms="1837" status="PASS">
          <reporter-output>
          </reporter-output>
        </test-method> <!-- setup -->
        <test-method is-config="true" signature="setupTest()[pri:0, instance:tests.LoginTest@14cd1699]" started-at="2026-01-27T20:11:49 IST" name="setupTest" finished-at="2026-01-27T20:11:58 IST" duration-ms="9045" status="PASS">
          <reporter-output>
          </reporter-output>
        </test-method> <!-- setupTest -->
        <test-method signature="invalidLogin()[pri:0, instance:tests.LoginTest@14cd1699]" started-at="2026-01-27T20:11:58 IST" name="invalidLogin" finished-at="2026-01-27T20:12:00 IST" duration-ms="1921" status="PASS">
          <reporter-output>
          </reporter-output>
        </test-method> <!-- invalidLogin -->
        <test-method is-config="true" signature="setup()[pri:0, instance:tests.LoginTest@14cd1699]" started-at="2026-01-27T20:12:00 IST" name="setup" finished-at="2026-01-27T20:12:02 IST" duration-ms="1282" status="PASS">
          <reporter-output>
          </reporter-output>
        </test-method> <!-- setup -->
        <test-method is-config="true" signature="setupTest()[pri:0, instance:tests.LoginTest@14cd1699]" started-at="2026-01-27T20:12:02 IST" name="setupTest" finished-at="2026-01-27T20:12:12 IST" duration-ms="9895" status="PASS">
          <reporter-output>
          </reporter-output>
        </test-method> <!-- setupTest -->
        <test-method signature="testFailure()[pri:0, instance:tests.LoginTest@14cd1699]" started-at="2026-01-27T20:12:12 IST" name="testFailure" finished-at="2026-01-27T20:12:14 IST" duration-ms="2847" status="PASS">
          <reporter-output>
          </reporter-output>
        </test-method> <!-- testFailure -->
        <test-method is-config="true" signature="setup()[pri:0, instance:tests.LoginTest@14cd1699]" started-at="2026-01-27T20:12:14 IST" name="setup" finished-at="2026-01-27T20:12:16 IST" duration-ms="1183" status="PASS">
          <reporter-output>
          </reporter-output>
        </test-method> <!-- setup -->
        <test-method is-config="true" signature="setupTest()[pri:0, instance:tests.LoginTest@14cd1699]" started-at="2026-01-27T20:12:16 IST" name="setupTest" finished-at="2026-01-27T20:12:25 IST" duration-ms="9266" status="PASS">
          <reporter-output>
          </reporter-output>
        </test-method> <!-- setupTest -->
        <test-method signature="validLogin()[pri:0, instance:tests.LoginTest@14cd1699]" started-at="2026-01-27T20:12:25 IST" name="validLogin" finished-at="2026-01-27T20:12:27 IST" duration-ms="1908" status="PASS">
          <reporter-output>
          </reporter-output>
        </test-method> <!-- validLogin -->
      </class> <!-- tests.LoginTest -->
    </test> <!-- Default test -->
  </suite> <!-- Default suite -->
</testng-results>
