<?xml version="1.0" encoding="UTF-8"?>
<!-- Generated by org.testng.reporters.JUnitReportReporter -->
<testsuite hostname="Jarvis" failures="0" tests="3" name="tests.LoginTest" time="39.184" errors="0" timestamp="2026-01-27T20:12:27 IST" skipped="0">
  <testcase classname="tests.LoginTest" name="validLogin" time="12.136"/>
  <testcase classname="tests.LoginTest" name="testFailure" time="14.579"/>
  <testcase classname="tests.LoginTest" name="invalidLogin" time="12.469"/>
</testsuite> <!-- tests.LoginTest -->
